# JRE version: Java(TM) SE Runtime Environment (8.0_74-b02) (build 1.8.0_74-b02)
# Java VM: Java HotSpot(TM) 64-Bit Server VM (25.74-b02 mixed mode linux-amd64 compressed oops)
Heap:
 PSYoungGen      total 287744K, used 270827K [0x00000000eab00000, 0x0000000100000000, 0x0000000100000000)
  eden space 267776K, 95% used [0x00000000eab00000,0x00000000fa5ab0a0,0x00000000fb080000)
  from space 19968K, 70% used [0x00000000fb080000,0x00000000fbe4fe18,0x00000000fc400000)
  to   space 21504K, 0% used [0x00000000feb00000,0x00000000feb00000,0x0000000100000000)
 ParOldGen       total 108032K, used 33094K [0x00000000c0000000, 0x00000000c6980000, 0x00000000eab00000)
  object space 108032K, 30% used [0x00000000c0000000,0x00000000c20519b0,0x00000000c6980000)
 Metaspace       used 53181K, capacity 56565K, committed 56744K, reserved 1097728K
  class space    used 6974K, capacity 7475K, committed 7592K, reserved 1048576K
GC Heap History (10 events):
Event: 2085.620 GC heap before
{Heap before GC invocations=23 (full 8):
 PSYoungGen      total 289280K, used 122769K [0x00000000eab00000, 0x00000000fda80000, 0x0000000100000000)
  eden space 267776K, 45% used [0x00000000eab00000,0x00000000f22e4560,0x00000000fb080000)
  from space 21504K, 0% used [0x00000000fc580000,0x00000000fc580000,0x00000000fda80000)
  to   space 21504K, 0% used [0x00000000fb080000,0x00000000fb080000,0x00000000fc580000)
 ParOldGen       total 108032K, used 31034K [0x00000000c0000000, 0x00000000c6980000, 0x00000000eab00000)
  object space 108032K, 28% used [0x00000000c0000000,0x00000000c1e4eac8,0x00000000c6980000)
 Metaspace       used 49794K, capacity 52743K, committed 52904K, reserved 1095680K
  class space    used 6554K, capacity 6964K, committed 7080K, reserved 1048576K
Event: 2085.623 GC heap after
Heap after GC invocations=23 (full 8):
 PSYoungGen      total 269312K, used 1407K [0x00000000eab00000, 0x00000000fd980000, 0x0000000100000000)
  eden space 267776K, 0% used [0x00000000eab00000,0x00000000eab00000,0x00000000fb080000)
  from space 1536K, 91% used [0x00000000fb080000,0x00000000fb1dfc50,0x00000000fb200000)
  to   space 20992K, 0% used [0x00000000fc500000,0x00000000fc500000,0x00000000fd980000)
 ParOldGen       total 108032K, used 31042K [0x00000000c0000000, 0x00000000c6980000, 0x00000000eab00000)
  object space 108032K, 28% used [0x00000000c0000000,0x00000000c1e50ac8,0x00000000c6980000)
 Metaspace       used 49794K, capacity 52743K, committed 52904K, reserved 1095680K
  class space    used 6554K, capacity 6964K, committed 7080K, reserved 1048576K
}
Event: 2085.623 GC heap before
{Heap before GC invocations=24 (full 9):
 PSYoungGen      total 269312K, used 1407K [0x00000000eab00000, 0x00000000fd980000, 0x0000000100000000)
  eden space 267776K, 0% used [0x00000000eab00000,0x00000000eab00000,0x00000000fb080000)
  from space 1536K, 91% used [0x00000000fb080000,0x00000000fb1dfc50,0x00000000fb200000)
  to   space 20992K, 0% used [0x00000000fc500000,0x00000000fc500000,0x00000000fd980000)
 ParOldGen       total 108032K, used 31042K [0x00000000c0000000, 0x00000000c6980000, 0x00000000eab00000)
  object space 108032K, 28% used [0x00000000c0000000,0x00000000c1e50ac8,0x00000000c6980000)
 Metaspace       used 49794K, capacity 52743K, committed 52904K, reserved 1095680K
  class space    used 6554K, capacity 6964K, committed 7080K, reserved 1048576K
Event: 2085.749 GC heap after
Heap after GC invocations=24 (full 9):
 PSYoungGen      total 269312K, used 0K [0x00000000eab00000, 0x00000000fd980000, 0x0000000100000000)
  eden space 267776K, 0% used [0x00000000eab00000,0x00000000eab00000,0x00000000fb080000)
  from space 1536K, 0% used [0x00000000fb080000,0x00000000fb080000,0x00000000fb200000)
  to   space 20992K, 0% used [0x00000000fc500000,0x00000000fc500000,0x00000000fd980000)
 ParOldGen       total 108032K, used 30859K [0x00000000c0000000, 0x00000000c6980000, 0x00000000eab00000)
  object space 108032K, 28% used [0x00000000c0000000,0x00000000c1e22e50,0x00000000c6980000)
 Metaspace       used 49794K, capacity 52743K, committed 52904K, reserved 1095680K
  class space    used 6554K, capacity 6964K, committed 7080K, reserved 1048576K
}
Event: 2555.060 GC heap before
{Heap before GC invocations=25 (full 9):
 PSYoungGen      total 269312K, used 113171K [0x00000000eab00000, 0x00000000fd980000, 0x0000000100000000)
  eden space 267776K, 42% used [0x00000000eab00000,0x00000000f1984eb8,0x00000000fb080000)
  from space 1536K, 0% used [0x00000000fb080000,0x00000000fb080000,0x00000000fb200000)
  to   space 20992K, 0% used [0x00000000fc500000,0x00000000fc500000,0x00000000fd980000)
 ParOldGen       total 108032K, used 30859K [0x00000000c0000000, 0x00000000c6980000, 0x00000000eab00000)
  object space 108032K, 28% used [0x00000000c0000000,0x00000000c1e22e50,0x00000000c6980000)
 Metaspace       used 49933K, capacity 52899K, committed 53160K, reserved 1095680K
  class space    used 6568K, capacity 6971K, committed 7080K, reserved 1048576K
Event: 2555.065 GC heap after
Heap after GC invocations=25 (full 9):
 PSYoungGen      total 286720K, used 3678K [0x00000000eab00000, 0x00000000fd780000, 0x0000000100000000)
  eden space 267776K, 0% used [0x00000000eab00000,0x00000000eab00000,0x00000000fb080000)
  from space 18944K, 19% used [0x00000000fc500000,0x00000000fc897b78,0x00000000fd780000)
  to   space 19968K, 0% used [0x00000000fb080000,0x00000000fb080000,0x00000000fc400000)
 ParOldGen       total 108032K, used 30867K [0x00000000c0000000, 0x00000000c6980000, 0x00000000eab00000)
  object space 108032K, 28% used [0x00000000c0000000,0x00000000c1e24e50,0x00000000c6980000)
 Metaspace       used 49933K, capacity 52899K, committed 53160K, reserved 1095680K
  class space    used 6568K, capacity 6971K, committed 7080K, reserved 1048576K
}
Event: 2555.065 GC heap before
{Heap before GC invocations=26 (full 10):
 PSYoungGen      total 286720K, used 3678K [0x00000000eab00000, 0x00000000fd780000, 0x0000000100000000)
  eden space 267776K, 0% used [0x00000000eab00000,0x00000000eab00000,0x00000000fb080000)
  from space 18944K, 19% used [0x00000000fc500000,0x00000000fc897b78,0x00000000fd780000)
  to   space 19968K, 0% used [0x00000000fb080000,0x00000000fb080000,0x00000000fc400000)
 ParOldGen       total 108032K, used 30867K [0x00000000c0000000, 0x00000000c6980000, 0x00000000eab00000)
  object space 108032K, 28% used [0x00000000c0000000,0x00000000c1e24e50,0x00000000c6980000)
 Metaspace       used 49933K, capacity 52899K, committed 53160K, reserved 1095680K
  class space    used 6568K, capacity 6971K, committed 7080K, reserved 1048576K
Event: 2555.226 GC heap after
Heap after GC invocations=26 (full 10):
 PSYoungGen      total 286720K, used 0K [0x00000000eab00000, 0x00000000fd780000, 0x0000000100000000)
  eden space 267776K, 0% used [0x00000000eab00000,0x00000000eab00000,0x00000000fb080000)
  from space 18944K, 0% used [0x00000000fc500000,0x00000000fc500000,0x00000000fd780000)
  to   space 19968K, 0% used [0x00000000fb080000,0x00000000fb080000,0x00000000fc400000)
 ParOldGen       total 108032K, used 33086K [0x00000000c0000000, 0x00000000c6980000, 0x00000000eab00000)
  object space 108032K, 30% used [0x00000000c0000000,0x00000000c204f9b0,0x00000000c6980000)
 Metaspace       used 49933K, capacity 52899K, committed 53160K, reserved 1095680K
  class space    used 6568K, capacity 6971K, committed 7080K, reserved 1048576K
}
Event: 2584.661 GC heap before
{Heap before GC invocations=27 (full 10):
 PSYoungGen      total 286720K, used 267776K [0x00000000eab00000, 0x00000000fd780000, 0x0000000100000000)
  eden space 267776K, 100% used [0x00000000eab00000,0x00000000fb080000,0x00000000fb080000)
  from space 18944K, 0% used [0x00000000fc500000,0x00000000fc500000,0x00000000fd780000)
  to   space 19968K, 0% used [0x00000000fb080000,0x00000000fb080000,0x00000000fc400000)
 ParOldGen       total 108032K, used 33086K [0x00000000c0000000, 0x00000000c6980000, 0x00000000eab00000)
  object space 108032K, 30% used [0x00000000c0000000,0x00000000c204f9b0,0x00000000c6980000)
 Metaspace       used 51826K, capacity 55105K, committed 55208K, reserved 1097728K
  class space    used 6813K, capacity 7323K, committed 7336K, reserved 1048576K
Event: 2584.681 GC heap after
Heap after GC invocations=27 (full 10):
 PSYoungGen      total 287744K, used 14143K [0x00000000eab00000, 0x0000000100000000, 0x0000000100000000)
  eden space 267776K, 0% used [0x00000000eab00000,0x00000000eab00000,0x00000000fb080000)
  from space 19968K, 70% used [0x00000000fb080000,0x00000000fbe4fe18,0x00000000fc400000)
  to   space 21504K, 0% used [0x00000000feb00000,0x00000000feb00000,0x0000000100000000)
 ParOldGen       total 108032K, used 33094K [0x00000000c0000000, 0x00000000c6980000, 0x00000000eab00000)
  object space 108032K, 30% used [0x00000000c0000000,0x00000000c20519b0,0x00000000c6980000)
 Metaspace       used 51826K, capacity 55105K, committed 55208K, reserved 1097728K
  class space    used 6813K, capacity 7323K, committed 7336K, reserved 1048576K
}

