# JRE version: Java(TM) SE Runtime Environment (8.0_74-b02) (build 1.8.0_74-b02)
# Java VM: Java HotSpot(TM) 64-Bit Server VM (25.74-b02 mixed mode linux-amd64 compressed oops)
Heap:
 PSYoungGen      total 171520K, used 101488K [0x00000000eab00000, 0x00000000f6b00000, 0x0000000100000000)
  eden space 167936K, 58% used [0x00000000eab00000,0x00000000f0b04778,0x00000000f4f00000)
  from space 3584K, 88% used [0x00000000f5480000,0x00000000f5797c50,0x00000000f5800000)
  to   space 14336K, 0% used [0x00000000f5d00000,0x00000000f5d00000,0x00000000f6b00000)
 ParOldGen       total 122368K, used 47555K [0x00000000c0000000, 0x00000000c7780000, 0x00000000eab00000)
  object space 122368K, 38% used [0x00000000c0000000,0x00000000c2e70c60,0x00000000c7780000)
 Metaspace       used 64151K, capacity 70186K, committed 70488K, reserved 1110016K
  class space    used 8369K, capacity 9225K, committed 9344K, reserved 1048576K
GC Heap History (10 events):
Event: 8256.554 GC heap before
{Heap before GC invocations=59 (full 19):
 PSYoungGen      total 195584K, used 180224K [0x00000000eab00000, 0x00000000f7900000, 0x0000000100000000)
  eden space 180224K, 100% used [0x00000000eab00000,0x00000000f5b00000,0x00000000f5b00000)
  from space 15360K, 0% used [0x00000000f5b00000,0x00000000f5b00000,0x00000000f6a00000)
  to   space 15360K, 0% used [0x00000000f6a00000,0x00000000f6a00000,0x00000000f7900000)
 ParOldGen       total 122368K, used 44699K [0x00000000c0000000, 0x00000000c7780000, 0x00000000eab00000)
  object space 122368K, 36% used [0x00000000c0000000,0x00000000c2ba6ca0,0x00000000c7780000)
 Metaspace       used 63821K, capacity 69638K, committed 70232K, reserved 1110016K
  class space    used 8329K, capacity 9164K, committed 9344K, reserved 1048576K
Event: 8256.573 GC heap after
Heap after GC invocations=59 (full 19):
 PSYoungGen      total 194560K, used 10750K [0x00000000eab00000, 0x00000000f8000000, 0x0000000100000000)
  eden space 179200K, 0% used [0x00000000eab00000,0x00000000eab00000,0x00000000f5a00000)
  from space 15360K, 69% used [0x00000000f6a00000,0x00000000f747f8c8,0x00000000f7900000)
  to   space 16384K, 0% used [0x00000000f5a00000,0x00000000f5a00000,0x00000000f6a00000)
 ParOldGen       total 122368K, used 44707K [0x00000000c0000000, 0x00000000c7780000, 0x00000000eab00000)
  object space 122368K, 36% used [0x00000000c0000000,0x00000000c2ba8ca0,0x00000000c7780000)
 Metaspace       used 63821K, capacity 69638K, committed 70232K, reserved 1110016K
  class space    used 8329K, capacity 9164K, committed 9344K, reserved 1048576K
}
Event: 8792.387 GC heap before
{Heap before GC invocations=60 (full 19):
 PSYoungGen      total 194560K, used 189950K [0x00000000eab00000, 0x00000000f8000000, 0x0000000100000000)
  eden space 179200K, 100% used [0x00000000eab00000,0x00000000f5a00000,0x00000000f5a00000)
  from space 15360K, 69% used [0x00000000f6a00000,0x00000000f747f8c8,0x00000000f7900000)
  to   space 16384K, 0% used [0x00000000f5a00000,0x00000000f5a00000,0x00000000f6a00000)
 ParOldGen       total 122368K, used 44707K [0x00000000c0000000, 0x00000000c7780000, 0x00000000eab00000)
  object space 122368K, 36% used [0x00000000c0000000,0x00000000c2ba8ca0,0x00000000c7780000)
 Metaspace       used 63890K, capacity 69806K, committed 70232K, reserved 1110016K
  class space    used 8337K, capacity 9173K, committed 9344K, reserved 1048576K
Event: 8792.393 GC heap after
Heap after GC invocations=60 (full 19):
 PSYoungGen      total 178176K, used 4208K [0x00000000eab00000, 0x00000000f7280000, 0x0000000100000000)
  eden space 173568K, 0% used [0x00000000eab00000,0x00000000eab00000,0x00000000f5480000)
  from space 4608K, 91% used [0x00000000f5a00000,0x00000000f5e1c010,0x00000000f5e80000)
  to   space 15360K, 0% used [0x00000000f6380000,0x00000000f6380000,0x00000000f7280000)
 ParOldGen       total 122368K, used 44707K [0x00000000c0000000, 0x00000000c7780000, 0x00000000eab00000)
  object space 122368K, 36% used [0x00000000c0000000,0x00000000c2ba8ca0,0x00000000c7780000)
 Metaspace       used 63890K, capacity 69806K, committed 70232K, reserved 1110016K
  class space    used 8337K, capacity 9173K, committed 9344K, reserved 1048576K
}
Event: 8804.103 GC heap before
{Heap before GC invocations=61 (full 19):
 PSYoungGen      total 178176K, used 123919K [0x00000000eab00000, 0x00000000f7280000, 0x0000000100000000)
  eden space 173568K, 68% used [0x00000000eab00000,0x00000000f1fe7fc8,0x00000000f5480000)
  from space 4608K, 91% used [0x00000000f5a00000,0x00000000f5e1c010,0x00000000f5e80000)
  to   space 15360K, 0% used [0x00000000f6380000,0x00000000f6380000,0x00000000f7280000)
 ParOldGen       total 122368K, used 44707K [0x00000000c0000000, 0x00000000c7780000, 0x00000000eab00000)
  object space 122368K, 36% used [0x00000000c0000000,0x00000000c2ba8ca0,0x00000000c7780000)
 Metaspace       used 63996K, capacity 69908K, committed 70488K, reserved 1110016K
  class space    used 8352K, capacity 9206K, committed 9344K, reserved 1048576K
Event: 8804.106 GC heap after
Heap after GC invocations=61 (full 19):
 PSYoungGen      total 187904K, used 3647K [0x00000000eab00000, 0x00000000f7180000, 0x0000000100000000)
  eden space 173568K, 0% used [0x00000000eab00000,0x00000000eab00000,0x00000000f5480000)
  from space 14336K, 25% used [0x00000000f6380000,0x00000000f670fc50,0x00000000f7180000)
  to   space 14848K, 0% used [0x00000000f5480000,0x00000000f5480000,0x00000000f6300000)
 ParOldGen       total 122368K, used 44715K [0x00000000c0000000, 0x00000000c7780000, 0x00000000eab00000)
  object space 122368K, 36% used [0x00000000c0000000,0x00000000c2baaca0,0x00000000c7780000)
 Metaspace       used 63996K, capacity 69908K, committed 70488K, reserved 1110016K
  class space    used 8352K, capacity 9206K, committed 9344K, reserved 1048576K
}
Event: 8804.107 GC heap before
{Heap before GC invocations=62 (full 20):
 PSYoungGen      total 187904K, used 3647K [0x00000000eab00000, 0x00000000f7180000, 0x0000000100000000)
  eden space 173568K, 0% used [0x00000000eab00000,0x00000000eab00000,0x00000000f5480000)
  from space 14336K, 25% used [0x00000000f6380000,0x00000000f670fc50,0x00000000f7180000)
  to   space 14848K, 0% used [0x00000000f5480000,0x00000000f5480000,0x00000000f6300000)
 ParOldGen       total 122368K, used 44715K [0x00000000c0000000, 0x00000000c7780000, 0x00000000eab00000)
  object space 122368K, 36% used [0x00000000c0000000,0x00000000c2baaca0,0x00000000c7780000)
 Metaspace       used 63996K, capacity 69908K, committed 70488K, reserved 1110016K
  class space    used 8352K, capacity 9206K, committed 9344K, reserved 1048576K
Event: 8804.418 GC heap after
Heap after GC invocations=62 (full 20):
 PSYoungGen      total 187904K, used 0K [0x00000000eab00000, 0x00000000f7180000, 0x0000000100000000)
  eden space 173568K, 0% used [0x00000000eab00000,0x00000000eab00000,0x00000000f5480000)
  from space 14336K, 0% used [0x00000000f6380000,0x00000000f6380000,0x00000000f7180000)
  to   space 14848K, 0% used [0x00000000f5480000,0x00000000f5480000,0x00000000f6300000)
 ParOldGen       total 122368K, used 47547K [0x00000000c0000000, 0x00000000c7780000, 0x00000000eab00000)
  object space 122368K, 38% used [0x00000000c0000000,0x00000000c2e6ec60,0x00000000c7780000)
 Metaspace       used 63996K, capacity 69908K, committed 70488K, reserved 1110016K
  class space    used 8352K, capacity 9206K, committed 9344K, reserved 1048576K
}
Event: 9113.756 GC heap before
{Heap before GC invocations=63 (full 20):
 PSYoungGen      total 187904K, used 173568K [0x00000000eab00000, 0x00000000f7180000, 0x0000000100000000)
  eden space 173568K, 100% used [0x00000000eab00000,0x00000000f5480000,0x00000000f5480000)
  from space 14336K, 0% used [0x00000000f6380000,0x00000000f6380000,0x00000000f7180000)
  to   space 14848K, 0% used [0x00000000f5480000,0x00000000f5480000,0x00000000f6300000)
 ParOldGen       total 122368K, used 47547K [0x00000000c0000000, 0x00000000c7780000, 0x00000000eab00000)
  object space 122368K, 38% used [0x00000000c0000000,0x00000000c2e6ec60,0x00000000c7780000)
 Metaspace       used 64111K, capacity 70116K, committed 70488K, reserved 1110016K
  class space    used 8368K, capacity 9224K, committed 9344K, reserved 1048576K
Event: 9113.760 GC heap after
Heap after GC invocations=63 (full 20):
 PSYoungGen      total 171520K, used 3167K [0x00000000eab00000, 0x00000000f6b00000, 0x0000000100000000)
  eden space 167936K, 0% used [0x00000000eab00000,0x00000000eab00000,0x00000000f4f00000)
  from space 3584K, 88% used [0x00000000f5480000,0x00000000f5797c50,0x00000000f5800000)
  to   space 14336K, 0% used [0x00000000f5d00000,0x00000000f5d00000,0x00000000f6b00000)
 ParOldGen       total 122368K, used 47555K [0x00000000c0000000, 0x00000000c7780000, 0x00000000eab00000)
  object space 122368K, 38% used [0x00000000c0000000,0x00000000c2e70c60,0x00000000c7780000)
 Metaspace       used 64111K, capacity 70116K, committed 70488K, reserved 1110016K
  class space    used 8368K, capacity 9224K, committed 9344K, reserved 1048576K
}

